./2ls --graphml-witness witness.graphml --32 --propertyfile ../sv-benchmarks/c/properties/unreach-call.prp ../sv-benchmarks/c/recursive-simple/id2_i5_o5-1.c


--------------------------------------------------------------------------------


perl: warning: Setting locale failed.
perl: warning: Please check that your locale settings:
	LANGUAGE = (unset),
	LC_ALL = (unset),
	LC_MEASUREMENT = "en_GB.UTF-8",
	LC_PAPER = "en_GB.UTF-8",
	LC_MONETARY = "en_GB.UTF-8",
	LC_NAME = "en_GB.UTF-8",
	LC_ADDRESS = "en_GB.UTF-8",
	LC_NUMERIC = "en_GB.UTF-8",
	LC_TELEPHONE = "en_GB.UTF-8",
	LC_IDENTIFICATION = "en_GB.UTF-8",
	LC_TIME = "en_GB.UTF-8",
	LANG = "C"
    are supported and installed on your system.
perl: warning: Falling back to the standard locale ("C").
2LS version 0.7.1 (based on CBMC 5.6)
Reading GOTO program from file
Adding CPROVER library
Function Pointer Removal
Generic Property Instrumentation
Constant Propagation
Context-sensitive analysis from _start
Using intervals domain with binary search solver
Computing SSA of main
Simplifying
Computing SSA of _start
Simplifying
Computing SSA of id
Simplifying
Computing SSA of id2
Simplifying
Computing SSA of __CPROVER_initialize
Simplifying

Summarizing function _start
Checking precondition of __CPROVER_initialize
Function __CPROVER_initialize not analyzed yet
Computing calling context for function __CPROVER_initialize
Recursively summarizing function __CPROVER_initialize
Analyzing function __CPROVER_initialize
Computing summary

Summary for function __CPROVER_initialize
params: 
globals_in: __CPROVER_threads_exited __CPROVER_malloc_is_new_array __CPROVER_dead_object'obj __CPROVER_deallocated'obj __CPROVER_malloc_object'obj __CPROVER_memory_leak'obj __CPROVER_dead_object __CPROVER_deallocated __CPROVER_malloc_object __CPROVER_memory_leak __CPROVER_rounding_mode __CPROVER_malloc_size __CPROVER_next_thread_id __CPROVER_pipe_count __CPROVER_thread_id 
globals_out: __CPROVER_threads_exited#50 __CPROVER_malloc_is_new_array#42 __CPROVER_dead_object'obj __CPROVER_deallocated'obj __CPROVER_malloc_object'obj __CPROVER_memory_leak'obj __CPROVER_dead_object#40 __CPROVER_deallocated#41 __CPROVER_malloc_object#43 __CPROVER_memory_leak#45 __CPROVER_rounding_mode#48 __CPROVER_malloc_size#44 __CPROVER_next_thread_id#46 __CPROVER_pipe_count#47 __CPROVER_thread_id#49 
forward precondition: TRUE
forward transformer: __CPROVER_rounding_mode#48 <= 0 && -((signed __CPROVER_bitvector[33])__CPROVER_rounding_mode#48) <= 0 && __CPROVER_malloc_size#44 <= 0u && -((signed __CPROVER_bitvector[33])__CPROVER_malloc_size#44) <= 0 && __CPROVER_next_thread_id#46 <= 0ul && -((signed __CPROVER_bitvector[33])__CPROVER_next_thread_id#46) <= 0 && __CPROVER_pipe_count#47 <= 0u && -((signed __CPROVER_bitvector[33])__CPROVER_pipe_count#47) <= 0 && __CPROVER_thread_id#49 <= 0ul && -((signed __CPROVER_bitvector[33])__CPROVER_thread_id#49) <= 0
forward invariant: TRUE
backward precondition: not computed
backward postcondition: not computed
backward transformer: not computed
backward invariant: not computed
termination argument: not computed
terminates: unknown

Checking precondition of main
Function main not analyzed yet
Computing calling context for function main
Recursively summarizing function main
<refinement-iteration>1</refinement-iteration>

Checking precondition of id
Function id not analyzed yet
Computing calling context for function id
<refinement-iteration>1</refinement-iteration>

<refinement-iteration>1</refinement-iteration>

<refinement-iteration>1</refinement-iteration>

Recursively summarizing function id
Checking precondition of id2
Function id2 not analyzed yet
Computing calling context for function id2
Recursively summarizing function id2
Checking precondition of id
Function id not analyzed yet
Computing calling context for function id
Recursively summarizing function id
Checking precondition of id2
Function id2 not analyzed yet
Computing calling context for function id2
Recursively summarizing function id2
Checking precondition of id
Function id not analyzed yet
Computing calling context for function id
Recursively summarizing function id
Checking precondition of id2
Function id2 not analyzed yet
Computing calling context for function id2
Recursively summarizing function id2
Analyzing function id2
Computing summary

Summary for function id2
params: x 
globals_in: 
globals_out: id2#return_value#phi38 
forward precondition: x <= 0 && -((signed __CPROVER_bitvector[33])x) <= 0
forward transformer: x <= 0 && -((signed __CPROVER_bitvector[33])x) <= 0 ==> id2#return_value#phi38 <= 0 && -((signed __CPROVER_bitvector[33])id2#return_value#phi38) <= 0
forward invariant: x <= 0 && -((signed __CPROVER_bitvector[33])x) <= 0 ==> TRUE
backward precondition: not computed
backward postcondition: not computed
backward transformer: not computed
backward invariant: not computed
termination argument: not computed
terminates: unknown

Analyzing function id
Computing summary

Summary for function id
params: x 
globals_in: 
globals_out: id#return_value#phi28 
forward precondition: x <= 1 && -((signed __CPROVER_bitvector[33])x) <= -1
forward transformer: x <= 1 && -((signed __CPROVER_bitvector[33])x) <= -1 ==> id#return_value#phi28 <= 1 && -((signed __CPROVER_bitvector[33])id#return_value#phi28) <= -1
forward invariant: x <= 1 && -((signed __CPROVER_bitvector[33])x) <= -1 ==> TRUE
backward precondition: not computed
backward postcondition: not computed
backward transformer: not computed
backward invariant: not computed
termination argument: not computed
terminates: unknown

Analyzing function id2
Computing summary

Summary for function id2
params: x 
globals_in: 
globals_out: id2#return_value#phi38 
forward precondition: x <= 0 && -((signed __CPROVER_bitvector[33])x) <= 0 || x <= 2 && -((signed __CPROVER_bitvector[33])x) <= -2
forward transformer: (x <= 0 && -((signed __CPROVER_bitvector[33])x) <= 0 ==> id2#return_value#phi38 <= 0 && -((signed __CPROVER_bitvector[33])id2#return_value#phi38) <= 0) && (x <= 2 && -((signed __CPROVER_bitvector[33])x) <= -2 ==> id2#return_value#phi38 <= 2 && -((signed __CPROVER_bitvector[33])id2#return_value#phi38) <= -2)
forward invariant: (x <= 0 && -((signed __CPROVER_bitvector[33])x) <= 0 ==> TRUE) && (x <= 2 && -((signed __CPROVER_bitvector[33])x) <= -2 ==> TRUE)
backward precondition: not computed
backward postcondition: not computed
backward transformer: not computed
backward invariant: not computed
termination argument: not computed
terminates: unknown

Analyzing function id
Computing summary

Summary for function id
params: x 
globals_in: 
globals_out: id#return_value#phi28 
forward precondition: x <= 1 && -((signed __CPROVER_bitvector[33])x) <= -1 || x <= 3 && -((signed __CPROVER_bitvector[33])x) <= -3
forward transformer: (x <= 1 && -((signed __CPROVER_bitvector[33])x) <= -1 ==> id#return_value#phi28 <= 1 && -((signed __CPROVER_bitvector[33])id#return_value#phi28) <= -1) && (x <= 3 && -((signed __CPROVER_bitvector[33])x) <= -3 ==> id#return_value#phi28 <= 3 && -((signed __CPROVER_bitvector[33])id#return_value#phi28) <= -3)
forward invariant: (x <= 1 && -((signed __CPROVER_bitvector[33])x) <= -1 ==> TRUE) && (x <= 3 && -((signed __CPROVER_bitvector[33])x) <= -3 ==> TRUE)
backward precondition: not computed
backward postcondition: not computed
backward transformer: not computed
backward invariant: not computed
termination argument: not computed
terminates: unknown

Analyzing function id2
Computing summary

Summary for function id2
params: x 
globals_in: 
globals_out: id2#return_value#phi38 
forward precondition: x <= 0 && -((signed __CPROVER_bitvector[33])x) <= 0 || x <= 2 && -((signed __CPROVER_bitvector[33])x) <= -2 || x <= 4 && -((signed __CPROVER_bitvector[33])x) <= -4
forward transformer: (x <= 0 && -((signed __CPROVER_bitvector[33])x) <= 0 ==> id2#return_value#phi38 <= 0 && -((signed __CPROVER_bitvector[33])id2#return_value#phi38) <= 0) && (x <= 2 && -((signed __CPROVER_bitvector[33])x) <= -2 ==> id2#return_value#phi38 <= 2 && -((signed __CPROVER_bitvector[33])id2#return_value#phi38) <= -2) && (x <= 4 && -((signed __CPROVER_bitvector[33])x) <= -4 ==> id2#return_value#phi38 <= 4 && -((signed __CPROVER_bitvector[33])id2#return_value#phi38) <= -4)
forward invariant: (x <= 0 && -((signed __CPROVER_bitvector[33])x) <= 0 ==> TRUE) && (x <= 2 && -((signed __CPROVER_bitvector[33])x) <= -2 ==> TRUE) && (x <= 4 && -((signed __CPROVER_bitvector[33])x) <= -4 ==> TRUE)
backward precondition: not computed
backward postcondition: not computed
backward transformer: not computed
backward invariant: not computed
termination argument: not computed
terminates: unknown

Analyzing function id
Computing summary

Summary for function id
params: x 
globals_in: 
globals_out: id#return_value#phi28 
forward precondition: x <= 1 && -((signed __CPROVER_bitvector[33])x) <= -1 || x <= 3 && -((signed __CPROVER_bitvector[33])x) <= -3 || x <= 5 && -((signed __CPROVER_bitvector[33])x) <= -5
forward transformer: (x <= 1 && -((signed __CPROVER_bitvector[33])x) <= -1 ==> id#return_value#phi28 <= 1 && -((signed __CPROVER_bitvector[33])id#return_value#phi28) <= -1) && (x <= 3 && -((signed __CPROVER_bitvector[33])x) <= -3 ==> id#return_value#phi28 <= 3 && -((signed __CPROVER_bitvector[33])id#return_value#phi28) <= -3) && (x <= 5 && -((signed __CPROVER_bitvector[33])x) <= -5 ==> id#return_value#phi28 <= 5 && -((signed __CPROVER_bitvector[33])id#return_value#phi28) <= -5)
forward invariant: (x <= 1 && -((signed __CPROVER_bitvector[33])x) <= -1 ==> TRUE) && (x <= 3 && -((signed __CPROVER_bitvector[33])x) <= -3 ==> TRUE) && (x <= 5 && -((signed __CPROVER_bitvector[33])x) <= -5 ==> TRUE)
backward precondition: not computed
backward postcondition: not computed
backward transformer: not computed
backward invariant: not computed
termination argument: not computed
terminates: unknown

Analyzing function main
Computing summary
<refinement-iteration>1</refinement-iteration>


Summary for function main
params: 
globals_in: 
globals_out: main#return_value#12 
forward precondition: TRUE
forward transformer: FALSE && FALSE
forward invariant: TRUE
backward precondition: not computed
backward postcondition: not computed
backward transformer: not computed
backward invariant: not computed
termination argument: not computed
terminates: unknown

Analyzing function _start
Computing summary

Summary for function _start
params: 
globals_in: 
globals_out: 
forward precondition: TRUE
forward transformer: TRUE
forward invariant: TRUE
backward precondition: not computed
backward postcondition: not computed
backward transformer: not computed
backward invariant: not computed
termination argument: not computed
terminates: unknown

Checking properties of main
<refinement-iteration>1</refinement-iteration>

Loops fully unwound
Running refinement loop with Glucose Syrup with simplifier
<refinement-iteration>1</refinement-iteration>

<refinement-iteration>1</refinement-iteration>

Checking properties of _start
Loops fully unwound
Running refinement loop with Glucose Syrup with simplifier
Checking properties of id
Loops fully unwound
Running refinement loop with Glucose Syrup with simplifier
Checking properties of id2
Loops fully unwound
Running refinement loop with Glucose Syrup with simplifier
Checking properties of __CPROVER_initialize
Loops fully unwound
Running refinement loop with Glucose Syrup with simplifier
** statistics: 
  number of solver instances: 5
  number of solver calls: 76
  number of summaries used: 8
  number of termination arguments computed: 0

[main.assertion.1] : FAILURE

** 0 of 1 unknown
** 1 of 1 failed
VERIFICATION FAILED
perl: warning: Setting locale failed.
perl: warning: Please check that your locale settings:
	LANGUAGE = (unset),
	LC_ALL = (unset),
	LC_MEASUREMENT = "en_GB.UTF-8",
	LC_PAPER = "en_GB.UTF-8",
	LC_MONETARY = "en_GB.UTF-8",
	LC_NAME = "en_GB.UTF-8",
	LC_ADDRESS = "en_GB.UTF-8",
	LC_NUMERIC = "en_GB.UTF-8",
	LC_TELEPHONE = "en_GB.UTF-8",
	LC_IDENTIFICATION = "en_GB.UTF-8",
	LC_TIME = "en_GB.UTF-8",
	LANG = "C"
    are supported and installed on your system.
perl: warning: Falling back to the standard locale ("C").
FALSE
