./2ls --graphml-witness witness.graphml --32 --propertyfile ../sv-benchmarks/c/properties/unreach-call.prp ../sv-benchmarks/c/recursive-simple/fibo_2calls_4-2.c


--------------------------------------------------------------------------------


perl: warning: Setting locale failed.
perl: warning: Please check that your locale settings:
	LANGUAGE = (unset),
	LC_ALL = (unset),
	LC_MEASUREMENT = "en_GB.UTF-8",
	LC_PAPER = "en_GB.UTF-8",
	LC_MONETARY = "en_GB.UTF-8",
	LC_NAME = "en_GB.UTF-8",
	LC_ADDRESS = "en_GB.UTF-8",
	LC_NUMERIC = "en_GB.UTF-8",
	LC_TELEPHONE = "en_GB.UTF-8",
	LC_IDENTIFICATION = "en_GB.UTF-8",
	LC_TIME = "en_GB.UTF-8",
	LANG = "C"
    are supported and installed on your system.
perl: warning: Falling back to the standard locale ("C").
2LS version 0.7.1 (based on CBMC 5.6)
Reading GOTO program from file
Adding CPROVER library
Function Pointer Removal
Generic Property Instrumentation
Constant Propagation
Context-sensitive analysis from _start
Using intervals domain with binary search solver
Computing SSA of main
Simplifying
Computing SSA of _start
Simplifying
Computing SSA of fibo2
Simplifying
Computing SSA of fibo1
Simplifying
Computing SSA of __CPROVER_initialize
Simplifying

Summarizing function _start
Checking precondition of __CPROVER_initialize
Function __CPROVER_initialize not analyzed yet
Computing calling context for function __CPROVER_initialize
Recursively summarizing function __CPROVER_initialize
Analyzing function __CPROVER_initialize
Computing summary

Summary for function __CPROVER_initialize
params: 
globals_in: __CPROVER_threads_exited __CPROVER_malloc_is_new_array __CPROVER_dead_object'obj __CPROVER_deallocated'obj __CPROVER_malloc_object'obj __CPROVER_memory_leak'obj __CPROVER_dead_object __CPROVER_deallocated __CPROVER_malloc_object __CPROVER_memory_leak __CPROVER_rounding_mode __CPROVER_malloc_size __CPROVER_next_thread_id __CPROVER_pipe_count __CPROVER_thread_id 
globals_out: __CPROVER_threads_exited#74 __CPROVER_malloc_is_new_array#66 __CPROVER_dead_object'obj __CPROVER_deallocated'obj __CPROVER_malloc_object'obj __CPROVER_memory_leak'obj __CPROVER_dead_object#64 __CPROVER_deallocated#65 __CPROVER_malloc_object#67 __CPROVER_memory_leak#69 __CPROVER_rounding_mode#72 __CPROVER_malloc_size#68 __CPROVER_next_thread_id#70 __CPROVER_pipe_count#71 __CPROVER_thread_id#73 
forward precondition: TRUE
forward transformer: __CPROVER_rounding_mode#72 <= 0 && -((signed __CPROVER_bitvector[33])__CPROVER_rounding_mode#72) <= 0 && __CPROVER_malloc_size#68 <= 0u && -((signed __CPROVER_bitvector[33])__CPROVER_malloc_size#68) <= 0 && __CPROVER_next_thread_id#70 <= 0ul && -((signed __CPROVER_bitvector[33])__CPROVER_next_thread_id#70) <= 0 && __CPROVER_pipe_count#71 <= 0u && -((signed __CPROVER_bitvector[33])__CPROVER_pipe_count#71) <= 0 && __CPROVER_thread_id#73 <= 0ul && -((signed __CPROVER_bitvector[33])__CPROVER_thread_id#73) <= 0
forward invariant: TRUE
backward precondition: not computed
backward postcondition: not computed
backward transformer: not computed
backward invariant: not computed
termination argument: not computed
terminates: unknown

Checking precondition of main
Function main not analyzed yet
Computing calling context for function main
Recursively summarizing function main
Checking precondition of fibo1
Function fibo1 not analyzed yet
Computing calling context for function fibo1
Recursively summarizing function fibo1
Checking precondition of fibo2
Function fibo2 not analyzed yet
Computing calling context for function fibo2
Recursively summarizing function fibo2
<refinement-iteration>1</refinement-iteration>

Checking precondition of fibo1
Function fibo1 not analyzed yet
Computing calling context for function fibo1
<refinement-iteration>1</refinement-iteration>

<refinement-iteration>1</refinement-iteration>

<refinement-iteration>1</refinement-iteration>

Recursively summarizing function fibo1
Checking precondition of fibo2
Function fibo2 not analyzed yet
Computing calling context for function fibo2
Recursively summarizing function fibo2
<refinement-iteration>1</refinement-iteration>

<refinement-iteration>1</refinement-iteration>

Analyzing function fibo2
Computing summary
<refinement-iteration>1</refinement-iteration>

<refinement-iteration>1</refinement-iteration>

<refinement-iteration>1</refinement-iteration>


Summary for function fibo2
params: n 
globals_in: 
globals_out: fibo2#return_value#phi40 
forward precondition: n <= 1 && -((signed __CPROVER_bitvector[33])n) <= -1
forward transformer: n <= 1 && -((signed __CPROVER_bitvector[33])n) <= -1 ==> fibo2#return_value#phi40 <= 1 && -((signed __CPROVER_bitvector[33])fibo2#return_value#phi40) <= -1
forward invariant: n <= 1 && -((signed __CPROVER_bitvector[33])n) <= -1 ==> TRUE
backward precondition: not computed
backward postcondition: not computed
backward transformer: not computed
backward invariant: not computed
termination argument: not computed
terminates: unknown

Checking precondition of fibo2
Precondition does not hold, need to recompute summary.
Computing calling context for function fibo2
Recursively summarizing function fibo2
<refinement-iteration>1</refinement-iteration>

<refinement-iteration>1</refinement-iteration>

Analyzing function fibo2
Computing summary
<refinement-iteration>1</refinement-iteration>

<refinement-iteration>1</refinement-iteration>

<refinement-iteration>1</refinement-iteration>


Summary for function fibo2
params: n 
globals_in: 
globals_out: fibo2#return_value#phi40 
forward precondition: n <= 1 && -((signed __CPROVER_bitvector[33])n) <= -1 || n <= 0 && -((signed __CPROVER_bitvector[33])n) <= 0
forward transformer: (n <= 1 && -((signed __CPROVER_bitvector[33])n) <= -1 ==> fibo2#return_value#phi40 <= 1 && -((signed __CPROVER_bitvector[33])fibo2#return_value#phi40) <= -1) && (n <= 0 && -((signed __CPROVER_bitvector[33])n) <= 0 ==> fibo2#return_value#phi40 <= 0 && -((signed __CPROVER_bitvector[33])fibo2#return_value#phi40) <= 0)
forward invariant: (n <= 1 && -((signed __CPROVER_bitvector[33])n) <= -1 ==> TRUE) && (n <= 0 && -((signed __CPROVER_bitvector[33])n) <= 0 ==> TRUE)
backward precondition: not computed
backward postcondition: not computed
backward transformer: not computed
backward invariant: not computed
termination argument: not computed
terminates: unknown

Analyzing function fibo1
Computing summary

Summary for function fibo1
params: n 
globals_in: 
globals_out: fibo1#return_value#phi62 
forward precondition: n <= 2 && -((signed __CPROVER_bitvector[33])n) <= -2
forward transformer: n <= 2 && -((signed __CPROVER_bitvector[33])n) <= -2 ==> fibo1#return_value#phi62 <= 1 && -((signed __CPROVER_bitvector[33])fibo1#return_value#phi62) <= -1
forward invariant: n <= 2 && -((signed __CPROVER_bitvector[33])n) <= -2 ==> TRUE
backward precondition: not computed
backward postcondition: not computed
backward transformer: not computed
backward invariant: not computed
termination argument: not computed
terminates: unknown

<refinement-iteration>1</refinement-iteration>

Checking precondition of fibo1
<refinement-iteration>1</refinement-iteration>

Precondition does not hold, need to recompute summary.
Computing calling context for function fibo1
<refinement-iteration>1</refinement-iteration>

<refinement-iteration>1</refinement-iteration>

<refinement-iteration>1</refinement-iteration>

Recursively summarizing function fibo1
Analyzing function fibo1
Computing summary

Summary for function fibo1
params: n 
globals_in: 
globals_out: fibo1#return_value#phi62 
forward precondition: n <= 2 && -((signed __CPROVER_bitvector[33])n) <= -2 || n <= 1 && -((signed __CPROVER_bitvector[33])n) <= -1
forward transformer: (n <= 2 && -((signed __CPROVER_bitvector[33])n) <= -2 ==> fibo1#return_value#phi62 <= 1 && -((signed __CPROVER_bitvector[33])fibo1#return_value#phi62) <= -1) && (n <= 1 && -((signed __CPROVER_bitvector[33])n) <= -1 ==> fibo1#return_value#phi62 <= 1 && -((signed __CPROVER_bitvector[33])fibo1#return_value#phi62) <= -1)
forward invariant: (n <= 2 && -((signed __CPROVER_bitvector[33])n) <= -2 ==> TRUE) && (n <= 1 && -((signed __CPROVER_bitvector[33])n) <= -1 ==> TRUE)
backward precondition: not computed
backward postcondition: not computed
backward transformer: not computed
backward invariant: not computed
termination argument: not computed
terminates: unknown

Analyzing function fibo2
Computing summary
<refinement-iteration>1</refinement-iteration>

<refinement-iteration>1</refinement-iteration>

<refinement-iteration>1</refinement-iteration>


Summary for function fibo2
params: n 
globals_in: 
globals_out: fibo2#return_value#phi40 
forward precondition: n <= 1 && -((signed __CPROVER_bitvector[33])n) <= -1 || n <= 0 && -((signed __CPROVER_bitvector[33])n) <= 0 || n <= 3 && -((signed __CPROVER_bitvector[33])n) <= -3
forward transformer: (n <= 1 && -((signed __CPROVER_bitvector[33])n) <= -1 ==> fibo2#return_value#phi40 <= 1 && -((signed __CPROVER_bitvector[33])fibo2#return_value#phi40) <= -1) && (n <= 0 && -((signed __CPROVER_bitvector[33])n) <= 0 ==> fibo2#return_value#phi40 <= 0 && -((signed __CPROVER_bitvector[33])fibo2#return_value#phi40) <= 0) && (n <= 3 && -((signed __CPROVER_bitvector[33])n) <= -3 ==> fibo2#return_value#phi40 <= 2 && -((signed __CPROVER_bitvector[33])fibo2#return_value#phi40) <= -2)
forward invariant: (n <= 1 && -((signed __CPROVER_bitvector[33])n) <= -1 ==> TRUE) && (n <= 0 && -((signed __CPROVER_bitvector[33])n) <= 0 ==> TRUE) && (n <= 3 && -((signed __CPROVER_bitvector[33])n) <= -3 ==> TRUE)
backward precondition: not computed
backward postcondition: not computed
backward transformer: not computed
backward invariant: not computed
termination argument: not computed
terminates: unknown

Checking precondition of fibo2
Precondition does not hold, need to recompute summary.
Computing calling context for function fibo2
Recursively summarizing function fibo2
<refinement-iteration>1</refinement-iteration>

Checking precondition of fibo1
<refinement-iteration>1</refinement-iteration>

Precondition holds, replacing by summary.
<refinement-iteration>1</refinement-iteration>

Checking precondition of fibo1
<refinement-iteration>1</refinement-iteration>

Precondition does not hold, need to recompute summary.
Computing calling context for function fibo1
<refinement-iteration>1</refinement-iteration>

<refinement-iteration>1</refinement-iteration>

<refinement-iteration>1</refinement-iteration>

Recursively summarizing function fibo1
Analyzing function fibo1
Computing summary

Summary for function fibo1
params: n 
globals_in: 
globals_out: fibo1#return_value#phi62 
forward precondition: n <= 2 && -((signed __CPROVER_bitvector[33])n) <= -2 || n <= 1 && -((signed __CPROVER_bitvector[33])n) <= -1 || n <= 0 && -((signed __CPROVER_bitvector[33])n) <= 0
forward transformer: (n <= 2 && -((signed __CPROVER_bitvector[33])n) <= -2 ==> fibo1#return_value#phi62 <= 1 && -((signed __CPROVER_bitvector[33])fibo1#return_value#phi62) <= -1) && (n <= 1 && -((signed __CPROVER_bitvector[33])n) <= -1 ==> fibo1#return_value#phi62 <= 1 && -((signed __CPROVER_bitvector[33])fibo1#return_value#phi62) <= -1) && (n <= 0 && -((signed __CPROVER_bitvector[33])n) <= 0 ==> fibo1#return_value#phi62 <= 0 && -((signed __CPROVER_bitvector[33])fibo1#return_value#phi62) <= 0)
forward invariant: (n <= 2 && -((signed __CPROVER_bitvector[33])n) <= -2 ==> TRUE) && (n <= 1 && -((signed __CPROVER_bitvector[33])n) <= -1 ==> TRUE) && (n <= 0 && -((signed __CPROVER_bitvector[33])n) <= 0 ==> TRUE)
backward precondition: not computed
backward postcondition: not computed
backward transformer: not computed
backward invariant: not computed
termination argument: not computed
terminates: unknown

Analyzing function fibo2
Computing summary
<refinement-iteration>1</refinement-iteration>

<refinement-iteration>1</refinement-iteration>

<refinement-iteration>1</refinement-iteration>


Summary for function fibo2
params: n 
globals_in: 
globals_out: fibo2#return_value#phi40 
forward precondition: n <= 1 && -((signed __CPROVER_bitvector[33])n) <= -1 || n <= 0 && -((signed __CPROVER_bitvector[33])n) <= 0 || n <= 3 && -((signed __CPROVER_bitvector[33])n) <= -3 || n <= 2 && -((signed __CPROVER_bitvector[33])n) <= -2
forward transformer: (n <= 1 && -((signed __CPROVER_bitvector[33])n) <= -1 ==> fibo2#return_value#phi40 <= 1 && -((signed __CPROVER_bitvector[33])fibo2#return_value#phi40) <= -1) && (n <= 0 && -((signed __CPROVER_bitvector[33])n) <= 0 ==> fibo2#return_value#phi40 <= 0 && -((signed __CPROVER_bitvector[33])fibo2#return_value#phi40) <= 0) && (n <= 3 && -((signed __CPROVER_bitvector[33])n) <= -3 ==> fibo2#return_value#phi40 <= 2 && -((signed __CPROVER_bitvector[33])fibo2#return_value#phi40) <= -2) && (n <= 2 && -((signed __CPROVER_bitvector[33])n) <= -2 ==> fibo2#return_value#phi40 <= 1 && -((signed __CPROVER_bitvector[33])fibo2#return_value#phi40) <= -1)
forward invariant: (n <= 1 && -((signed __CPROVER_bitvector[33])n) <= -1 ==> TRUE) && (n <= 0 && -((signed __CPROVER_bitvector[33])n) <= 0 ==> TRUE) && (n <= 3 && -((signed __CPROVER_bitvector[33])n) <= -3 ==> TRUE) && (n <= 2 && -((signed __CPROVER_bitvector[33])n) <= -2 ==> TRUE)
backward precondition: not computed
backward postcondition: not computed
backward transformer: not computed
backward invariant: not computed
termination argument: not computed
terminates: unknown

Analyzing function fibo1
Computing summary

Summary for function fibo1
params: n 
globals_in: 
globals_out: fibo1#return_value#phi62 
forward precondition: n <= 2 && -((signed __CPROVER_bitvector[33])n) <= -2 || n <= 1 && -((signed __CPROVER_bitvector[33])n) <= -1 || n <= 0 && -((signed __CPROVER_bitvector[33])n) <= 0 || n <= 4 && -((signed __CPROVER_bitvector[33])n) <= -4
forward transformer: (n <= 2 && -((signed __CPROVER_bitvector[33])n) <= -2 ==> fibo1#return_value#phi62 <= 1 && -((signed __CPROVER_bitvector[33])fibo1#return_value#phi62) <= -1) && (n <= 1 && -((signed __CPROVER_bitvector[33])n) <= -1 ==> fibo1#return_value#phi62 <= 1 && -((signed __CPROVER_bitvector[33])fibo1#return_value#phi62) <= -1) && (n <= 0 && -((signed __CPROVER_bitvector[33])n) <= 0 ==> fibo1#return_value#phi62 <= 0 && -((signed __CPROVER_bitvector[33])fibo1#return_value#phi62) <= 0) && (n <= 4 && -((signed __CPROVER_bitvector[33])n) <= -4 ==> fibo1#return_value#phi62 <= 3 && -((signed __CPROVER_bitvector[33])fibo1#return_value#phi62) <= -3)
forward invariant: (n <= 2 && -((signed __CPROVER_bitvector[33])n) <= -2 ==> TRUE) && (n <= 1 && -((signed __CPROVER_bitvector[33])n) <= -1 ==> TRUE) && (n <= 0 && -((signed __CPROVER_bitvector[33])n) <= 0 ==> TRUE) && (n <= 4 && -((signed __CPROVER_bitvector[33])n) <= -4 ==> TRUE)
backward precondition: not computed
backward postcondition: not computed
backward transformer: not computed
backward invariant: not computed
termination argument: not computed
terminates: unknown

Analyzing function main
Computing summary

Summary for function main
params: 
globals_in: 
globals_out: main#return_value#10 
forward precondition: TRUE
forward transformer: FALSE && FALSE
forward invariant: TRUE
backward precondition: not computed
backward postcondition: not computed
backward transformer: not computed
backward invariant: not computed
termination argument: not computed
terminates: unknown

Analyzing function _start
Computing summary

Summary for function _start
params: 
globals_in: 
globals_out: 
forward precondition: TRUE
forward transformer: TRUE
forward invariant: TRUE
backward precondition: not computed
backward postcondition: not computed
backward transformer: not computed
backward invariant: not computed
termination argument: not computed
terminates: unknown

Checking properties of main
Loops fully unwound
Running refinement loop with Glucose Syrup with simplifier
Checking properties of _start
Loops fully unwound
Running refinement loop with Glucose Syrup with simplifier
Checking properties of fibo2
<refinement-iteration>1</refinement-iteration>

Loops fully unwound
Running refinement loop with Glucose Syrup with simplifier
<refinement-iteration>1</refinement-iteration>

Checking properties of fibo1
Loops fully unwound
Running refinement loop with Glucose Syrup with simplifier
Checking properties of __CPROVER_initialize
Loops fully unwound
Running refinement loop with Glucose Syrup with simplifier
** statistics: 
  number of solver instances: 5
  number of solver calls: 103
  number of summaries used: 11
  number of termination arguments computed: 0

[main.assertion.1] : FAILURE

** 0 of 1 unknown
** 1 of 1 failed
VERIFICATION FAILED
perl: warning: Setting locale failed.
perl: warning: Please check that your locale settings:
	LANGUAGE = (unset),
	LC_ALL = (unset),
	LC_MEASUREMENT = "en_GB.UTF-8",
	LC_PAPER = "en_GB.UTF-8",
	LC_MONETARY = "en_GB.UTF-8",
	LC_NAME = "en_GB.UTF-8",
	LC_ADDRESS = "en_GB.UTF-8",
	LC_NUMERIC = "en_GB.UTF-8",
	LC_TELEPHONE = "en_GB.UTF-8",
	LC_IDENTIFICATION = "en_GB.UTF-8",
	LC_TIME = "en_GB.UTF-8",
	LANG = "C"
    are supported and installed on your system.
perl: warning: Falling back to the standard locale ("C").
FALSE
